07-Apr-2026 13:35:26.135 INFO [main] org.apache.catalina.startup.VersionLoggerListener.log Server version name:   Apache Tomcat/9.0.116
07-Apr-2026 13:35:26.153 INFO [main] org.apache.catalina.startup.VersionLoggerListener.log Server built:          Mar 16 2026 15:05:42 UTC
07-Apr-2026 13:35:26.155 INFO [main] org.apache.catalina.startup.VersionLoggerListener.log Server version number: 9.0.116.0
07-Apr-2026 13:35:26.155 INFO [main] org.apache.catalina.startup.VersionLoggerListener.log OS Name:               Windows 11
07-Apr-2026 13:35:26.157 INFO [main] org.apache.catalina.startup.VersionLoggerListener.log OS Version:            10.0
07-Apr-2026 13:35:26.159 INFO [main] org.apache.catalina.startup.VersionLoggerListener.log Architecture:          amd64
07-Apr-2026 13:35:26.160 INFO [main] org.apache.catalina.startup.VersionLoggerListener.log Java Home:             C:\Program Files\Eclipse Adoptium\jdk-21.0.9.10-hotspot
07-Apr-2026 13:35:26.161 INFO [main] org.apache.catalina.startup.VersionLoggerListener.log JVM Version:           21.0.9+10-LTS
07-Apr-2026 13:35:26.161 INFO [main] org.apache.catalina.startup.VersionLoggerListener.log JVM Vendor:            Eclipse Adoptium
07-Apr-2026 13:35:26.161 INFO [main] org.apache.catalina.startup.VersionLoggerListener.log CATALINA_BASE:         C:\Users\Anurodh Saxena\Documents\MGIT\Sem-IV\9. Node\TASK7-Servlet\apache-tomcat-9.0.116
07-Apr-2026 13:35:26.164 INFO [main] org.apache.catalina.startup.VersionLoggerListener.log CATALINA_HOME:         C:\Users\Anurodh Saxena\Documents\MGIT\Sem-IV\9. Node\TASK7-Servlet\apache-tomcat-9.0.116
07-Apr-2026 13:35:26.223 INFO [main] org.apache.catalina.startup.VersionLoggerListener.log Command line argument: --add-opens=java.base/java.lang=ALL-UNNAMED
07-Apr-2026 13:35:26.224 INFO [main] org.apache.catalina.startup.VersionLoggerListener.log Command line argument: --add-opens=java.base/java.lang.invoke=ALL-UNNAMED
07-Apr-2026 13:35:26.224 INFO [main] org.apache.catalina.startup.VersionLoggerListener.log Command line argument: --add-opens=java.base/java.lang.reflect=ALL-UNNAMED
07-Apr-2026 13:35:26.226 INFO [main] org.apache.catalina.startup.VersionLoggerListener.log Command line argument: --add-opens=java.base/java.io=ALL-UNNAMED
07-Apr-2026 13:35:26.226 INFO [main] org.apache.catalina.startup.VersionLoggerListener.log Command line argument: --add-opens=java.base/java.util=ALL-UNNAMED
07-Apr-2026 13:35:26.227 INFO [main] org.apache.catalina.startup.VersionLoggerListener.log Command line argument: --add-opens=java.base/java.util.concurrent=ALL-UNNAMED
07-Apr-2026 13:35:26.227 INFO [main] org.apache.catalina.startup.VersionLoggerListener.log Command line argument: --add-opens=java.rmi/sun.rmi.transport=ALL-UNNAMED
07-Apr-2026 13:35:26.228 INFO [main] org.apache.catalina.startup.VersionLoggerListener.log Command line argument: -Djava.util.logging.config.file=C:\Users\Anurodh Saxena\Documents\MGIT\Sem-IV\9. Node\TASK7-Servlet\apache-tomcat-9.0.116\conf\logging.properties
07-Apr-2026 13:35:26.228 INFO [main] org.apache.catalina.startup.VersionLoggerListener.log Command line argument: -Djava.util.logging.manager=org.apache.juli.ClassLoaderLogManager
07-Apr-2026 13:35:26.229 INFO [main] org.apache.catalina.startup.VersionLoggerListener.log Command line argument: -Djdk.tls.ephemeralDHKeySize=2048
07-Apr-2026 13:35:26.230 INFO [main] org.apache.catalina.startup.VersionLoggerListener.log Command line argument: -Djava.protocol.handler.pkgs=org.apache.catalina.webresources
07-Apr-2026 13:35:26.230 INFO [main] org.apache.catalina.startup.VersionLoggerListener.log Command line argument: -Dsun.io.useCanonCaches=false
07-Apr-2026 13:35:26.231 INFO [main] org.apache.catalina.startup.VersionLoggerListener.log Command line argument: -Dignore.endorsed.dirs=
07-Apr-2026 13:35:26.231 INFO [main] org.apache.catalina.startup.VersionLoggerListener.log Command line argument: -Dcatalina.base=C:\Users\Anurodh Saxena\Documents\MGIT\Sem-IV\9. Node\TASK7-Servlet\apache-tomcat-9.0.116
07-Apr-2026 13:35:26.232 INFO [main] org.apache.catalina.startup.VersionLoggerListener.log Command line argument: -Dcatalina.home=C:\Users\Anurodh Saxena\Documents\MGIT\Sem-IV\9. Node\TASK7-Servlet\apache-tomcat-9.0.116
07-Apr-2026 13:35:26.233 INFO [main] org.apache.catalina.startup.VersionLoggerListener.log Command line argument: -Djava.io.tmpdir=C:\Users\Anurodh Saxena\Documents\MGIT\Sem-IV\9. Node\TASK7-Servlet\apache-tomcat-9.0.116\temp
07-Apr-2026 13:35:26.265 INFO [main] org.apache.catalina.core.AprLifecycleListener.lifecycleEvent The Apache Tomcat Native library which allows using OpenSSL was not found on the java.library.path: [C:\Program Files\Eclipse Adoptium\jdk-21.0.9.10-hotspot\bin;C:\WINDOWS\Sun\Java\bin;C:\WINDOWS\system32;C:\WINDOWS;C:\Program Files\Eclipse Adoptium\jdk-21.0.9.10-hotspot\bin;C:\Program Files\Common Files\Oracle\Java\javapath;C:\Program Files (x86)\Common Files\Oracle\Java\java8path;C:\Program Files (x86)\Common Files\Oracle\Java\javapath;C:\WINDOWS\system32;C:\WINDOWS;C:\WINDOWS\System32\Wbem;C:\WINDOWS\System32\WindowsPowerShell\v1.0\;C:\WINDOWS\System32\OpenSSH\;C:\Program Files\PuTTY\;C:\Program Files\dotnet\;C:\Users\Anurodh Saxena\AppData\Local\Programs\Git\cmd;C:\Users\Anurodh Saxena\AppData\Local\Muse Hub\lib;C:\Strawberry\c\bin;C:\Strawberry\perl\site\bin;C:\Strawberry\perl\bin;C:\Users\Anurodh Saxena\AppData\Local\Programs\Python\Python314\;C:\Users\Anurodh Saxena\AppData\Local\Programs\Python\Python314\Scripts;C:\Users\Anurodh Saxena\AppData\Local\Programs\Microsoft VS Code\bin;C:\Program Files\Java\jdk1.8.0_202\bin;C:\Program Files\Java\jdk1.8.0_202\jre\bin;C:\Program Files\Java\jdk1.8.0_202\jre\bin\server;C:\Users\Anurodh Saxena\AppData\Local\Microsoft\WindowsApps;C:\msys64\mingw64\bin;C:\Program Files\LLVM\bin;C:\Users\Anurodh Saxena\AppData\Local\Programs\MiKTeX\miktex\bin\x64\;C:\Program Files\MySQL\MySQL Server 8.0\bin;;.]
07-Apr-2026 13:35:26.836 INFO [main] org.apache.coyote.AbstractProtocol.init Initializing ProtocolHandler ["http-nio-8080"]
07-Apr-2026 13:35:26.884 INFO [main] org.apache.catalina.startup.Catalina.load Server initialization in [1283] milliseconds
07-Apr-2026 13:35:26.957 INFO [main] org.apache.catalina.core.StandardService.startInternal Starting service [Catalina]
07-Apr-2026 13:35:26.958 INFO [main] org.apache.catalina.core.StandardEngine.startInternal Starting Servlet engine: [Apache Tomcat/9.0.116]
07-Apr-2026 13:35:26.977 INFO [main] org.apache.catalina.startup.HostConfig.deployDirectory Deploying web application directory [C:\Users\Anurodh Saxena\Documents\MGIT\Sem-IV\9. Node\TASK7-Servlet\apache-tomcat-9.0.116\webapps\BookStore]
07-Apr-2026 13:35:27.492 INFO [main] org.apache.jasper.servlet.TldScanner.scanJars At least one JAR was scanned for TLDs yet contained no TLDs. Enable debug logging for this logger for a complete list of JARs that were scanned but no TLDs were found in them. Skipping unneeded JARs during scanning can improve startup time and JSP compilation time.
07-Apr-2026 13:35:27.611 INFO [main] org.apache.catalina.startup.HostConfig.deployDirectory Deployment of web application directory [C:\Users\Anurodh Saxena\Documents\MGIT\Sem-IV\9. Node\TASK7-Servlet\apache-tomcat-9.0.116\webapps\BookStore] has finished in [634] ms
07-Apr-2026 13:35:27.612 INFO [main] org.apache.catalina.startup.HostConfig.deployDirectory Deploying web application directory [C:\Users\Anurodh Saxena\Documents\MGIT\Sem-IV\9. Node\TASK7-Servlet\apache-tomcat-9.0.116\webapps\docs]
07-Apr-2026 13:35:27.733 INFO [main] org.apache.catalina.startup.HostConfig.deployDirectory Deployment of web application directory [C:\Users\Anurodh Saxena\Documents\MGIT\Sem-IV\9. Node\TASK7-Servlet\apache-tomcat-9.0.116\webapps\docs] has finished in [120] ms
07-Apr-2026 13:35:27.735 INFO [main] org.apache.catalina.startup.HostConfig.deployDirectory Deploying web application directory [C:\Users\Anurodh Saxena\Documents\MGIT\Sem-IV\9. Node\TASK7-Servlet\apache-tomcat-9.0.116\webapps\examples]
07-Apr-2026 13:35:28.810 INFO [main] org.apache.catalina.startup.HostConfig.deployDirectory Deployment of web application directory [C:\Users\Anurodh Saxena\Documents\MGIT\Sem-IV\9. Node\TASK7-Servlet\apache-tomcat-9.0.116\webapps\examples] has finished in [1,075] ms
07-Apr-2026 13:35:28.811 INFO [main] org.apache.catalina.startup.HostConfig.deployDirectory Deploying web application directory [C:\Users\Anurodh Saxena\Documents\MGIT\Sem-IV\9. Node\TASK7-Servlet\apache-tomcat-9.0.116\webapps\HelloWorld]
07-Apr-2026 13:35:28.889 INFO [main] org.apache.catalina.startup.HostConfig.deployDirectory Deployment of web application directory [C:\Users\Anurodh Saxena\Documents\MGIT\Sem-IV\9. Node\TASK7-Servlet\apache-tomcat-9.0.116\webapps\HelloWorld] has finished in [77] ms
07-Apr-2026 13:35:28.890 INFO [main] org.apache.catalina.startup.HostConfig.deployDirectory Deploying web application directory [C:\Users\Anurodh Saxena\Documents\MGIT\Sem-IV\9. Node\TASK7-Servlet\apache-tomcat-9.0.116\webapps\host-manager]
07-Apr-2026 13:35:29.026 INFO [main] org.apache.catalina.startup.HostConfig.deployDirectory Deployment of web application directory [C:\Users\Anurodh Saxena\Documents\MGIT\Sem-IV\9. Node\TASK7-Servlet\apache-tomcat-9.0.116\webapps\host-manager] has finished in [136] ms
07-Apr-2026 13:35:29.028 INFO [main] org.apache.catalina.startup.HostConfig.deployDirectory Deploying web application directory [C:\Users\Anurodh Saxena\Documents\MGIT\Sem-IV\9. Node\TASK7-Servlet\apache-tomcat-9.0.116\webapps\manager]
07-Apr-2026 13:35:29.188 INFO [main] org.apache.catalina.startup.HostConfig.deployDirectory Deployment of web application directory [C:\Users\Anurodh Saxena\Documents\MGIT\Sem-IV\9. Node\TASK7-Servlet\apache-tomcat-9.0.116\webapps\manager] has finished in [160] ms
07-Apr-2026 13:35:29.189 INFO [main] org.apache.catalina.startup.HostConfig.deployDirectory Deploying web application directory [C:\Users\Anurodh Saxena\Documents\MGIT\Sem-IV\9. Node\TASK7-Servlet\apache-tomcat-9.0.116\webapps\ROOT]
07-Apr-2026 13:35:29.256 INFO [main] org.apache.catalina.startup.HostConfig.deployDirectory Deployment of web application directory [C:\Users\Anurodh Saxena\Documents\MGIT\Sem-IV\9. Node\TASK7-Servlet\apache-tomcat-9.0.116\webapps\ROOT] has finished in [66] ms
07-Apr-2026 13:35:29.256 INFO [main] org.apache.catalina.startup.HostConfig.deployDirectory Deploying web application directory [C:\Users\Anurodh Saxena\Documents\MGIT\Sem-IV\9. Node\TASK7-Servlet\apache-tomcat-9.0.116\webapps\TASK7]
07-Apr-2026 13:35:29.897 INFO [main] org.apache.jasper.servlet.TldScanner.scanJars At least one JAR was scanned for TLDs yet contained no TLDs. Enable debug logging for this logger for a complete list of JARs that were scanned but no TLDs were found in them. Skipping unneeded JARs during scanning can improve startup time and JSP compilation time.
07-Apr-2026 13:35:29.906 INFO [main] org.apache.catalina.startup.HostConfig.deployDirectory Deployment of web application directory [C:\Users\Anurodh Saxena\Documents\MGIT\Sem-IV\9. Node\TASK7-Servlet\apache-tomcat-9.0.116\webapps\TASK7] has finished in [649] ms
07-Apr-2026 13:35:29.912 INFO [main] org.apache.coyote.AbstractProtocol.start Starting ProtocolHandler ["http-nio-8080"]
07-Apr-2026 13:35:29.974 INFO [main] org.apache.catalina.startup.Catalina.start Server startup in [3087] milliseconds
07-Apr-2026 19:57:49.809 WARNING [http-nio-8080-exec-9] org.apache.catalina.webresources.AbstractFileResourceSet.logIgnoredSymlink Resource for web application [/TASK7] at path [/RegisterServlet.] was not loaded as the canonical path [/RegisterServlet] did not match. Use of symlinks is one possible cause.
07-Apr-2026 20:04:03.489 WARNING [http-nio-8080-exec-8] org.apache.catalina.webresources.AbstractFileResourceSet.logIgnoredSymlink Resource for web application [/TASK7] at path [/RegisterServlet.] was not loaded as the canonical path [/RegisterServlet] did not match. Use of symlinks is one possible cause.
07-Apr-2026 20:06:52.983 INFO [main] org.apache.catalina.startup.VersionLoggerListener.log Server version name:   Apache Tomcat/9.0.116
07-Apr-2026 20:06:52.993 INFO [main] org.apache.catalina.startup.VersionLoggerListener.log Server built:          Mar 16 2026 15:05:42 UTC
07-Apr-2026 20:06:52.994 INFO [main] org.apache.catalina.startup.VersionLoggerListener.log Server version number: 9.0.116.0
07-Apr-2026 20:06:52.995 INFO [main] org.apache.catalina.startup.VersionLoggerListener.log OS Name:               Windows 11
07-Apr-2026 20:06:52.995 INFO [main] org.apache.catalina.startup.VersionLoggerListener.log OS Version:            10.0
07-Apr-2026 20:06:52.995 INFO [main] org.apache.catalina.startup.VersionLoggerListener.log Architecture:          amd64
07-Apr-2026 20:06:52.995 INFO [main] org.apache.catalina.startup.VersionLoggerListener.log Java Home:             C:\Program Files\Eclipse Adoptium\jdk-21.0.9.10-hotspot
07-Apr-2026 20:06:52.996 INFO [main] org.apache.catalina.startup.VersionLoggerListener.log JVM Version:           21.0.9+10-LTS
07-Apr-2026 20:06:52.996 INFO [main] org.apache.catalina.startup.VersionLoggerListener.log JVM Vendor:            Eclipse Adoptium
07-Apr-2026 20:06:52.996 INFO [main] org.apache.catalina.startup.VersionLoggerListener.log CATALINA_BASE:         C:\Users\Anurodh Saxena\Documents\MGIT\Sem-IV\9. Node\TASK7-Servlet\apache-tomcat-9.0.116
07-Apr-2026 20:06:52.996 INFO [main] org.apache.catalina.startup.VersionLoggerListener.log CATALINA_HOME:         C:\Users\Anurodh Saxena\Documents\MGIT\Sem-IV\9. Node\TASK7-Servlet\apache-tomcat-9.0.116
07-Apr-2026 20:06:53.031 INFO [main] org.apache.catalina.startup.VersionLoggerListener.log Command line argument: --add-opens=java.base/java.lang=ALL-UNNAMED
07-Apr-2026 20:06:53.032 INFO [main] org.apache.catalina.startup.VersionLoggerListener.log Command line argument: --add-opens=java.base/java.lang.invoke=ALL-UNNAMED
07-Apr-2026 20:06:53.033 INFO [main] org.apache.catalina.startup.VersionLoggerListener.log Command line argument: --add-opens=java.base/java.lang.reflect=ALL-UNNAMED
07-Apr-2026 20:06:53.033 INFO [main] org.apache.catalina.startup.VersionLoggerListener.log Command line argument: --add-opens=java.base/java.io=ALL-UNNAMED
07-Apr-2026 20:06:53.033 INFO [main] org.apache.catalina.startup.VersionLoggerListener.log Command line argument: --add-opens=java.base/java.util=ALL-UNNAMED
07-Apr-2026 20:06:53.034 INFO [main] org.apache.catalina.startup.VersionLoggerListener.log Command line argument: --add-opens=java.base/java.util.concurrent=ALL-UNNAMED
07-Apr-2026 20:06:53.034 INFO [main] org.apache.catalina.startup.VersionLoggerListener.log Command line argument: --add-opens=java.rmi/sun.rmi.transport=ALL-UNNAMED
07-Apr-2026 20:06:53.034 INFO [main] org.apache.catalina.startup.VersionLoggerListener.log Command line argument: -Djava.util.logging.config.file=C:\Users\Anurodh Saxena\Documents\MGIT\Sem-IV\9. Node\TASK7-Servlet\apache-tomcat-9.0.116\conf\logging.properties
07-Apr-2026 20:06:53.035 INFO [main] org.apache.catalina.startup.VersionLoggerListener.log Command line argument: -Djava.util.logging.manager=org.apache.juli.ClassLoaderLogManager
07-Apr-2026 20:06:53.035 INFO [main] org.apache.catalina.startup.VersionLoggerListener.log Command line argument: -Djdk.tls.ephemeralDHKeySize=2048
07-Apr-2026 20:06:53.035 INFO [main] org.apache.catalina.startup.VersionLoggerListener.log Command line argument: -Djava.protocol.handler.pkgs=org.apache.catalina.webresources
07-Apr-2026 20:06:53.035 INFO [main] org.apache.catalina.startup.VersionLoggerListener.log Command line argument: -Dsun.io.useCanonCaches=false
07-Apr-2026 20:06:53.035 INFO [main] org.apache.catalina.startup.VersionLoggerListener.log Command line argument: -Dignore.endorsed.dirs=
07-Apr-2026 20:06:53.035 INFO [main] org.apache.catalina.startup.VersionLoggerListener.log Command line argument: -Dcatalina.base=C:\Users\Anurodh Saxena\Documents\MGIT\Sem-IV\9. Node\TASK7-Servlet\apache-tomcat-9.0.116
07-Apr-2026 20:06:53.036 INFO [main] org.apache.catalina.startup.VersionLoggerListener.log Command line argument: -Dcatalina.home=C:\Users\Anurodh Saxena\Documents\MGIT\Sem-IV\9. Node\TASK7-Servlet\apache-tomcat-9.0.116
07-Apr-2026 20:06:53.036 INFO [main] org.apache.catalina.startup.VersionLoggerListener.log Command line argument: -Djava.io.tmpdir=C:\Users\Anurodh Saxena\Documents\MGIT\Sem-IV\9. Node\TASK7-Servlet\apache-tomcat-9.0.116\temp
07-Apr-2026 20:06:53.052 INFO [main] org.apache.catalina.core.AprLifecycleListener.lifecycleEvent The Apache Tomcat Native library which allows using OpenSSL was not found on the java.library.path: [C:\Program Files\Eclipse Adoptium\jdk-21.0.9.10-hotspot\bin;C:\WINDOWS\Sun\Java\bin;C:\WINDOWS\system32;C:\WINDOWS;C:\Program Files\Eclipse Adoptium\jdk-21.0.9.10-hotspot\bin;C:\Program Files\Common Files\Oracle\Java\javapath;C:\Program Files (x86)\Common Files\Oracle\Java\java8path;C:\Program Files (x86)\Common Files\Oracle\Java\javapath;C:\WINDOWS\system32;C:\WINDOWS;C:\WINDOWS\System32\Wbem;C:\WINDOWS\System32\WindowsPowerShell\v1.0\;C:\WINDOWS\System32\OpenSSH\;C:\Program Files\PuTTY\;C:\Program Files\dotnet\;C:\Users\Anurodh Saxena\AppData\Local\Programs\Git\cmd;C:\Users\Anurodh Saxena\AppData\Local\Muse Hub\lib;C:\Strawberry\c\bin;C:\Strawberry\perl\site\bin;C:\Strawberry\perl\bin;C:\Users\Anurodh Saxena\AppData\Local\Programs\Python\Python314\;C:\Users\Anurodh Saxena\AppData\Local\Programs\Python\Python314\Scripts;C:\Users\Anurodh Saxena\AppData\Local\Programs\Microsoft VS Code\bin;C:\Program Files\Java\jdk1.8.0_202\bin;C:\Program Files\Java\jdk1.8.0_202\jre\bin;C:\Program Files\Java\jdk1.8.0_202\jre\bin\server;C:\Users\Anurodh Saxena\AppData\Local\Microsoft\WindowsApps;C:\msys64\mingw64\bin;C:\Program Files\LLVM\bin;C:\Users\Anurodh Saxena\AppData\Local\Programs\MiKTeX\miktex\bin\x64\;C:\Program Files\MySQL\MySQL Server 8.0\bin;;.]
07-Apr-2026 20:06:53.639 INFO [main] org.apache.coyote.AbstractProtocol.init Initializing ProtocolHandler ["http-nio-8080"]
07-Apr-2026 20:06:53.688 INFO [main] org.apache.catalina.startup.Catalina.load Server initialization in [996] milliseconds
07-Apr-2026 20:06:53.775 INFO [main] org.apache.catalina.core.StandardService.startInternal Starting service [Catalina]
07-Apr-2026 20:06:53.776 INFO [main] org.apache.catalina.core.StandardEngine.startInternal Starting Servlet engine: [Apache Tomcat/9.0.116]
07-Apr-2026 20:06:53.795 INFO [main] org.apache.catalina.startup.HostConfig.deployDirectory Deploying web application directory [C:\Users\Anurodh Saxena\Documents\MGIT\Sem-IV\9. Node\TASK7-Servlet\apache-tomcat-9.0.116\webapps\BookStore]
07-Apr-2026 20:06:54.413 INFO [main] org.apache.jasper.servlet.TldScanner.scanJars At least one JAR was scanned for TLDs yet contained no TLDs. Enable debug logging for this logger for a complete list of JARs that were scanned but no TLDs were found in them. Skipping unneeded JARs during scanning can improve startup time and JSP compilation time.
07-Apr-2026 20:06:54.505 INFO [main] org.apache.catalina.startup.HostConfig.deployDirectory Deployment of web application directory [C:\Users\Anurodh Saxena\Documents\MGIT\Sem-IV\9. Node\TASK7-Servlet\apache-tomcat-9.0.116\webapps\BookStore] has finished in [711] ms
07-Apr-2026 20:06:54.506 INFO [main] org.apache.catalina.startup.HostConfig.deployDirectory Deploying web application directory [C:\Users\Anurodh Saxena\Documents\MGIT\Sem-IV\9. Node\TASK7-Servlet\apache-tomcat-9.0.116\webapps\docs]
07-Apr-2026 20:06:54.588 INFO [main] org.apache.catalina.startup.HostConfig.deployDirectory Deployment of web application directory [C:\Users\Anurodh Saxena\Documents\MGIT\Sem-IV\9. Node\TASK7-Servlet\apache-tomcat-9.0.116\webapps\docs] has finished in [82] ms
07-Apr-2026 20:06:54.589 INFO [main] org.apache.catalina.startup.HostConfig.deployDirectory Deploying web application directory [C:\Users\Anurodh Saxena\Documents\MGIT\Sem-IV\9. Node\TASK7-Servlet\apache-tomcat-9.0.116\webapps\examples]
07-Apr-2026 20:06:55.680 INFO [main] org.apache.catalina.startup.HostConfig.deployDirectory Deployment of web application directory [C:\Users\Anurodh Saxena\Documents\MGIT\Sem-IV\9. Node\TASK7-Servlet\apache-tomcat-9.0.116\webapps\examples] has finished in [1,091] ms
07-Apr-2026 20:06:55.681 INFO [main] org.apache.catalina.startup.HostConfig.deployDirectory Deploying web application directory [C:\Users\Anurodh Saxena\Documents\MGIT\Sem-IV\9. Node\TASK7-Servlet\apache-tomcat-9.0.116\webapps\HelloWorld]
07-Apr-2026 20:06:55.777 INFO [main] org.apache.catalina.startup.HostConfig.deployDirectory Deployment of web application directory [C:\Users\Anurodh Saxena\Documents\MGIT\Sem-IV\9. Node\TASK7-Servlet\apache-tomcat-9.0.116\webapps\HelloWorld] has finished in [95] ms
07-Apr-2026 20:06:55.777 INFO [main] org.apache.catalina.startup.HostConfig.deployDirectory Deploying web application directory [C:\Users\Anurodh Saxena\Documents\MGIT\Sem-IV\9. Node\TASK7-Servlet\apache-tomcat-9.0.116\webapps\host-manager]
07-Apr-2026 20:06:55.915 INFO [main] org.apache.catalina.startup.HostConfig.deployDirectory Deployment of web application directory [C:\Users\Anurodh Saxena\Documents\MGIT\Sem-IV\9. Node\TASK7-Servlet\apache-tomcat-9.0.116\webapps\host-manager] has finished in [138] ms
07-Apr-2026 20:06:55.916 INFO [main] org.apache.catalina.startup.HostConfig.deployDirectory Deploying web application directory [C:\Users\Anurodh Saxena\Documents\MGIT\Sem-IV\9. Node\TASK7-Servlet\apache-tomcat-9.0.116\webapps\manager]
07-Apr-2026 20:06:55.996 INFO [main] org.apache.catalina.startup.HostConfig.deployDirectory Deployment of web application directory [C:\Users\Anurodh Saxena\Documents\MGIT\Sem-IV\9. Node\TASK7-Servlet\apache-tomcat-9.0.116\webapps\manager] has finished in [80] ms
07-Apr-2026 20:06:55.997 INFO [main] org.apache.catalina.startup.HostConfig.deployDirectory Deploying web application directory [C:\Users\Anurodh Saxena\Documents\MGIT\Sem-IV\9. Node\TASK7-Servlet\apache-tomcat-9.0.116\webapps\ROOT]
07-Apr-2026 20:06:56.058 INFO [main] org.apache.catalina.startup.HostConfig.deployDirectory Deployment of web application directory [C:\Users\Anurodh Saxena\Documents\MGIT\Sem-IV\9. Node\TASK7-Servlet\apache-tomcat-9.0.116\webapps\ROOT] has finished in [61] ms
07-Apr-2026 20:06:56.060 INFO [main] org.apache.catalina.startup.HostConfig.deployDirectory Deploying web application directory [C:\Users\Anurodh Saxena\Documents\MGIT\Sem-IV\9. Node\TASK7-Servlet\apache-tomcat-9.0.116\webapps\TASK7]
07-Apr-2026 20:06:56.989 INFO [main] org.apache.jasper.servlet.TldScanner.scanJars At least one JAR was scanned for TLDs yet contained no TLDs. Enable debug logging for this logger for a complete list of JARs that were scanned but no TLDs were found in them. Skipping unneeded JARs during scanning can improve startup time and JSP compilation time.
07-Apr-2026 20:06:57.007 INFO [main] org.apache.catalina.startup.HostConfig.deployDirectory Deployment of web application directory [C:\Users\Anurodh Saxena\Documents\MGIT\Sem-IV\9. Node\TASK7-Servlet\apache-tomcat-9.0.116\webapps\TASK7] has finished in [948] ms
07-Apr-2026 20:06:57.027 INFO [main] org.apache.coyote.AbstractProtocol.start Starting ProtocolHandler ["http-nio-8080"]
07-Apr-2026 20:06:57.123 INFO [main] org.apache.catalina.startup.Catalina.start Server startup in [3430] milliseconds
07-Apr-2026 20:56:48.024 INFO [Thread-1] org.apache.coyote.AbstractProtocol.pause Pausing ProtocolHandler ["http-nio-8080"]
07-Apr-2026 20:56:48.053 INFO [Thread-1] org.apache.catalina.core.StandardService.stopInternal Stopping service [Catalina]
07-Apr-2026 20:56:48.113 WARNING [Thread-1] org.apache.catalina.loader.WebappClassLoaderBase.clearReferencesJdbc The web application [TASK7] registered the JDBC driver [com.mysql.cj.jdbc.Driver] but failed to unregister it when the web application was stopped. To prevent a memory leak, the JDBC Driver has been forcibly unregistered.
07-Apr-2026 20:56:48.114 WARNING [Thread-1] org.apache.catalina.loader.WebappClassLoaderBase.clearReferencesThreads The web application [TASK7] appears to have started a thread named [mysql-cj-abandoned-connection-cleanup] but has failed to stop it. This is very likely to create a memory leak. Stack trace of thread:
 java.base/jdk.internal.misc.Unsafe.park(Native Method)
 java.base/java.util.concurrent.locks.LockSupport.parkNanos(LockSupport.java:269)
 java.base/java.util.concurrent.locks.AbstractQueuedSynchronizer$ConditionObject.await(AbstractQueuedSynchronizer.java:1886)
 java.base/java.lang.ref.ReferenceQueue.await(ReferenceQueue.java:71)
 java.base/java.lang.ref.ReferenceQueue.remove0(ReferenceQueue.java:143)
 java.base/java.lang.ref.ReferenceQueue.remove(ReferenceQueue.java:218)
 com.mysql.cj.jdbc.AbandonedConnectionCleanupThread.run(AbandonedConnectionCleanupThread.java:84)
 java.base/java.util.concurrent.ThreadPoolExecutor.runWorker(ThreadPoolExecutor.java:1144)
 java.base/java.util.concurrent.ThreadPoolExecutor$Worker.run(ThreadPoolExecutor.java:642)
 java.base/java.lang.Thread.run(Thread.java:1583)
07-Apr-2026 20:56:48.162 INFO [Thread-1] org.apache.coyote.AbstractProtocol.stop Stopping ProtocolHandler ["http-nio-8080"]
07-Apr-2026 20:56:48.175 INFO [Thread-1] org.apache.coyote.AbstractProtocol.destroy Destroying ProtocolHandler ["http-nio-8080"]
