01-Apr-2026 22:24:51.937 INFO [main] org.apache.catalina.startup.VersionLoggerListener.log Server version name:   Apache Tomcat/9.0.116
01-Apr-2026 22:24:51.944 INFO [main] org.apache.catalina.startup.VersionLoggerListener.log Server built:          Mar 16 2026 15:05:42 UTC
01-Apr-2026 22:24:51.944 INFO [main] org.apache.catalina.startup.VersionLoggerListener.log Server version number: 9.0.116.0
01-Apr-2026 22:24:51.944 INFO [main] org.apache.catalina.startup.VersionLoggerListener.log OS Name:               Windows 11
01-Apr-2026 22:24:51.944 INFO [main] org.apache.catalina.startup.VersionLoggerListener.log OS Version:            10.0
01-Apr-2026 22:24:51.944 INFO [main] org.apache.catalina.startup.VersionLoggerListener.log Architecture:          amd64
01-Apr-2026 22:24:51.945 INFO [main] org.apache.catalina.startup.VersionLoggerListener.log Java Home:             C:\Program Files\Eclipse Adoptium\jdk-21.0.9.10-hotspot
01-Apr-2026 22:24:51.945 INFO [main] org.apache.catalina.startup.VersionLoggerListener.log JVM Version:           21.0.9+10-LTS
01-Apr-2026 22:24:51.945 INFO [main] org.apache.catalina.startup.VersionLoggerListener.log JVM Vendor:            Eclipse Adoptium
01-Apr-2026 22:24:51.945 INFO [main] org.apache.catalina.startup.VersionLoggerListener.log CATALINA_BASE:         C:\Users\Anurodh Saxena\Downloads\apache-tomcat-9.0.116\apache-tomcat-9.0.116
01-Apr-2026 22:24:51.946 INFO [main] org.apache.catalina.startup.VersionLoggerListener.log CATALINA_HOME:         C:\Users\Anurodh Saxena\Downloads\apache-tomcat-9.0.116\apache-tomcat-9.0.116
01-Apr-2026 22:24:51.987 INFO [main] org.apache.catalina.startup.VersionLoggerListener.log Command line argument: --add-opens=java.base/java.lang=ALL-UNNAMED
01-Apr-2026 22:24:51.988 INFO [main] org.apache.catalina.startup.VersionLoggerListener.log Command line argument: --add-opens=java.base/java.lang.invoke=ALL-UNNAMED
01-Apr-2026 22:24:51.989 INFO [main] org.apache.catalina.startup.VersionLoggerListener.log Command line argument: --add-opens=java.base/java.lang.reflect=ALL-UNNAMED
01-Apr-2026 22:24:51.996 INFO [main] org.apache.catalina.startup.VersionLoggerListener.log Command line argument: --add-opens=java.base/java.io=ALL-UNNAMED
01-Apr-2026 22:24:51.996 INFO [main] org.apache.catalina.startup.VersionLoggerListener.log Command line argument: --add-opens=java.base/java.util=ALL-UNNAMED
01-Apr-2026 22:24:51.997 INFO [main] org.apache.catalina.startup.VersionLoggerListener.log Command line argument: --add-opens=java.base/java.util.concurrent=ALL-UNNAMED
01-Apr-2026 22:24:51.998 INFO [main] org.apache.catalina.startup.VersionLoggerListener.log Command line argument: --add-opens=java.rmi/sun.rmi.transport=ALL-UNNAMED
01-Apr-2026 22:24:51.998 INFO [main] org.apache.catalina.startup.VersionLoggerListener.log Command line argument: -Djava.util.logging.config.file=C:\Users\Anurodh Saxena\Downloads\apache-tomcat-9.0.116\apache-tomcat-9.0.116\conf\logging.properties
01-Apr-2026 22:24:51.998 INFO [main] org.apache.catalina.startup.VersionLoggerListener.log Command line argument: -Djava.util.logging.manager=org.apache.juli.ClassLoaderLogManager
01-Apr-2026 22:24:52.000 INFO [main] org.apache.catalina.startup.VersionLoggerListener.log Command line argument: -Djdk.tls.ephemeralDHKeySize=2048
01-Apr-2026 22:24:52.000 INFO [main] org.apache.catalina.startup.VersionLoggerListener.log Command line argument: -Djava.protocol.handler.pkgs=org.apache.catalina.webresources
01-Apr-2026 22:24:52.000 INFO [main] org.apache.catalina.startup.VersionLoggerListener.log Command line argument: -Dsun.io.useCanonCaches=false
01-Apr-2026 22:24:52.000 INFO [main] org.apache.catalina.startup.VersionLoggerListener.log Command line argument: -Dignore.endorsed.dirs=
01-Apr-2026 22:24:52.000 INFO [main] org.apache.catalina.startup.VersionLoggerListener.log Command line argument: -Dcatalina.base=C:\Users\Anurodh Saxena\Downloads\apache-tomcat-9.0.116\apache-tomcat-9.0.116
01-Apr-2026 22:24:52.000 INFO [main] org.apache.catalina.startup.VersionLoggerListener.log Command line argument: -Dcatalina.home=C:\Users\Anurodh Saxena\Downloads\apache-tomcat-9.0.116\apache-tomcat-9.0.116
01-Apr-2026 22:24:52.001 INFO [main] org.apache.catalina.startup.VersionLoggerListener.log Command line argument: -Djava.io.tmpdir=C:\Users\Anurodh Saxena\Downloads\apache-tomcat-9.0.116\apache-tomcat-9.0.116\temp
01-Apr-2026 22:24:52.019 INFO [main] org.apache.catalina.core.AprLifecycleListener.lifecycleEvent The Apache Tomcat Native library which allows using OpenSSL was not found on the java.library.path: [C:\Program Files\Eclipse Adoptium\jdk-21.0.9.10-hotspot\bin;C:\WINDOWS\Sun\Java\bin;C:\WINDOWS\system32;C:\WINDOWS;C:\Program Files\Eclipse Adoptium\jdk-21.0.9.10-hotspot\bin;C:\Program Files\Common Files\Oracle\Java\javapath;C:\Program Files (x86)\Common Files\Oracle\Java\java8path;C:\Program Files (x86)\Common Files\Oracle\Java\javapath;C:\WINDOWS\system32;C:\WINDOWS;C:\WINDOWS\System32\Wbem;C:\WINDOWS\System32\WindowsPowerShell\v1.0\;C:\WINDOWS\System32\OpenSSH\;C:\Program Files\PuTTY\;C:\Program Files\dotnet\;C:\Users\Anurodh Saxena\AppData\Local\Programs\Git\cmd;C:\Users\Anurodh Saxena\AppData\Local\Muse Hub\lib;C:\Strawberry\c\bin;C:\Strawberry\perl\site\bin;C:\Strawberry\perl\bin;C:\Users\Anurodh Saxena\AppData\Local\Programs\Python\Launcher\;C:\Program Files\Java\jdk1.8.0_202\bin;C:\Program Files\Java\jdk1.8.0_202\jre\bin;C:\Program Files\Java\jdk1.8.0_202\jre\bin\server;C:\Users\Anurodh Saxena\AppData\Local\Microsoft\WindowsApps;C:\msys64\mingw64\bin;C:\Program Files\LLVM\bin;C:\Users\Anurodh Saxena\AppData\Local\Programs\Microsoft VS Code\bin;C:\Users\Anurodh Saxena\AppData\Local\Programs\MiKTeX\miktex\bin\x64\;C:\Program Files\MySQL\MySQL Server 8.0\bin;;.]
01-Apr-2026 22:24:52.412 INFO [main] org.apache.coyote.AbstractProtocol.init Initializing ProtocolHandler ["http-nio-8080"]
01-Apr-2026 22:24:52.451 INFO [main] org.apache.catalina.startup.Catalina.load Server initialization in [748] milliseconds
01-Apr-2026 22:24:52.505 INFO [main] org.apache.catalina.core.StandardService.startInternal Starting service [Catalina]
01-Apr-2026 22:24:52.505 INFO [main] org.apache.catalina.core.StandardEngine.startInternal Starting Servlet engine: [Apache Tomcat/9.0.116]
01-Apr-2026 22:24:52.519 INFO [main] org.apache.catalina.startup.HostConfig.deployDirectory Deploying web application directory [C:\Users\Anurodh Saxena\Downloads\apache-tomcat-9.0.116\apache-tomcat-9.0.116\webapps\docs]
01-Apr-2026 22:24:52.828 INFO [main] org.apache.catalina.startup.HostConfig.deployDirectory Deployment of web application directory [C:\Users\Anurodh Saxena\Downloads\apache-tomcat-9.0.116\apache-tomcat-9.0.116\webapps\docs] has finished in [308] ms
01-Apr-2026 22:24:52.828 INFO [main] org.apache.catalina.startup.HostConfig.deployDirectory Deploying web application directory [C:\Users\Anurodh Saxena\Downloads\apache-tomcat-9.0.116\apache-tomcat-9.0.116\webapps\examples]
01-Apr-2026 22:24:53.427 INFO [main] org.apache.catalina.startup.HostConfig.deployDirectory Deployment of web application directory [C:\Users\Anurodh Saxena\Downloads\apache-tomcat-9.0.116\apache-tomcat-9.0.116\webapps\examples] has finished in [598] ms
01-Apr-2026 22:24:53.427 INFO [main] org.apache.catalina.startup.HostConfig.deployDirectory Deploying web application directory [C:\Users\Anurodh Saxena\Downloads\apache-tomcat-9.0.116\apache-tomcat-9.0.116\webapps\host-manager]
01-Apr-2026 22:24:53.482 INFO [main] org.apache.catalina.startup.HostConfig.deployDirectory Deployment of web application directory [C:\Users\Anurodh Saxena\Downloads\apache-tomcat-9.0.116\apache-tomcat-9.0.116\webapps\host-manager] has finished in [55] ms
01-Apr-2026 22:24:53.482 INFO [main] org.apache.catalina.startup.HostConfig.deployDirectory Deploying web application directory [C:\Users\Anurodh Saxena\Downloads\apache-tomcat-9.0.116\apache-tomcat-9.0.116\webapps\manager]
01-Apr-2026 22:24:53.533 INFO [main] org.apache.catalina.startup.HostConfig.deployDirectory Deployment of web application directory [C:\Users\Anurodh Saxena\Downloads\apache-tomcat-9.0.116\apache-tomcat-9.0.116\webapps\manager] has finished in [51] ms
01-Apr-2026 22:24:53.534 INFO [main] org.apache.catalina.startup.HostConfig.deployDirectory Deploying web application directory [C:\Users\Anurodh Saxena\Downloads\apache-tomcat-9.0.116\apache-tomcat-9.0.116\webapps\ROOT]
01-Apr-2026 22:24:53.572 INFO [main] org.apache.catalina.startup.HostConfig.deployDirectory Deployment of web application directory [C:\Users\Anurodh Saxena\Downloads\apache-tomcat-9.0.116\apache-tomcat-9.0.116\webapps\ROOT] has finished in [38] ms
01-Apr-2026 22:24:53.577 INFO [main] org.apache.coyote.AbstractProtocol.start Starting ProtocolHandler ["http-nio-8080"]
01-Apr-2026 22:24:53.615 INFO [main] org.apache.catalina.startup.Catalina.start Server startup in [1162] milliseconds
01-Apr-2026 23:07:27.687 INFO [Catalina-utility-2] org.apache.catalina.startup.HostConfig.deployDirectory Deploying web application directory [C:\Users\Anurodh Saxena\Downloads\apache-tomcat-9.0.116\apache-tomcat-9.0.116\webapps\BookStore]
01-Apr-2026 23:07:27.873 INFO [Catalina-utility-2] org.apache.jasper.servlet.TldScanner.scanJars At least one JAR was scanned for TLDs yet contained no TLDs. Enable debug logging for this logger for a complete list of JARs that were scanned but no TLDs were found in them. Skipping unneeded JARs during scanning can improve startup time and JSP compilation time.
01-Apr-2026 23:07:27.884 INFO [Catalina-utility-2] org.apache.catalina.startup.HostConfig.deployDirectory Deployment of web application directory [C:\Users\Anurodh Saxena\Downloads\apache-tomcat-9.0.116\apache-tomcat-9.0.116\webapps\BookStore] has finished in [198] ms
