09-Apr-2026 11:04:18.693 INFO [main] org.apache.catalina.startup.VersionLoggerListener.log Server version name:   Apache Tomcat/9.0.116
09-Apr-2026 11:04:18.702 INFO [main] org.apache.catalina.startup.VersionLoggerListener.log Server built:          Mar 16 2026 15:05:42 UTC
09-Apr-2026 11:04:18.703 INFO [main] org.apache.catalina.startup.VersionLoggerListener.log Server version number: 9.0.116.0
09-Apr-2026 11:04:18.703 INFO [main] org.apache.catalina.startup.VersionLoggerListener.log OS Name:               Windows 11
09-Apr-2026 11:04:18.704 INFO [main] org.apache.catalina.startup.VersionLoggerListener.log OS Version:            10.0
09-Apr-2026 11:04:18.704 INFO [main] org.apache.catalina.startup.VersionLoggerListener.log Architecture:          amd64
09-Apr-2026 11:04:18.704 INFO [main] org.apache.catalina.startup.VersionLoggerListener.log Java Home:             C:\Program Files\Eclipse Adoptium\jdk-21.0.9.10-hotspot
09-Apr-2026 11:04:18.704 INFO [main] org.apache.catalina.startup.VersionLoggerListener.log JVM Version:           21.0.9+10-LTS
09-Apr-2026 11:04:18.705 INFO [main] org.apache.catalina.startup.VersionLoggerListener.log JVM Vendor:            Eclipse Adoptium
09-Apr-2026 11:04:18.705 INFO [main] org.apache.catalina.startup.VersionLoggerListener.log CATALINA_BASE:         C:\Users\Anurodh Saxena\Documents\MGIT\Sem-IV\9. Node\TASK7-8_Servlet_Txn\apache-tomcat-9.0.116
09-Apr-2026 11:04:18.706 INFO [main] org.apache.catalina.startup.VersionLoggerListener.log CATALINA_HOME:         C:\Users\Anurodh Saxena\Documents\MGIT\Sem-IV\9. Node\TASK7-8_Servlet_Txn\apache-tomcat-9.0.116
09-Apr-2026 11:04:18.771 INFO [main] org.apache.catalina.startup.VersionLoggerListener.log Command line argument: --add-opens=java.base/java.lang=ALL-UNNAMED
09-Apr-2026 11:04:18.787 INFO [main] org.apache.catalina.startup.VersionLoggerListener.log Command line argument: --add-opens=java.base/java.lang.invoke=ALL-UNNAMED
09-Apr-2026 11:04:18.790 INFO [main] org.apache.catalina.startup.VersionLoggerListener.log Command line argument: --add-opens=java.base/java.lang.reflect=ALL-UNNAMED
09-Apr-2026 11:04:18.794 INFO [main] org.apache.catalina.startup.VersionLoggerListener.log Command line argument: --add-opens=java.base/java.io=ALL-UNNAMED
09-Apr-2026 11:04:18.794 INFO [main] org.apache.catalina.startup.VersionLoggerListener.log Command line argument: --add-opens=java.base/java.util=ALL-UNNAMED
09-Apr-2026 11:04:18.794 INFO [main] org.apache.catalina.startup.VersionLoggerListener.log Command line argument: --add-opens=java.base/java.util.concurrent=ALL-UNNAMED
09-Apr-2026 11:04:18.795 INFO [main] org.apache.catalina.startup.VersionLoggerListener.log Command line argument: --add-opens=java.rmi/sun.rmi.transport=ALL-UNNAMED
09-Apr-2026 11:04:18.795 INFO [main] org.apache.catalina.startup.VersionLoggerListener.log Command line argument: -Djava.util.logging.config.file=C:\Users\Anurodh Saxena\Documents\MGIT\Sem-IV\9. Node\TASK7-8_Servlet_Txn\apache-tomcat-9.0.116\conf\logging.properties
09-Apr-2026 11:04:18.795 INFO [main] org.apache.catalina.startup.VersionLoggerListener.log Command line argument: -Djava.util.logging.manager=org.apache.juli.ClassLoaderLogManager
09-Apr-2026 11:04:18.795 INFO [main] org.apache.catalina.startup.VersionLoggerListener.log Command line argument: -Djdk.tls.ephemeralDHKeySize=2048
09-Apr-2026 11:04:18.796 INFO [main] org.apache.catalina.startup.VersionLoggerListener.log Command line argument: -Djava.protocol.handler.pkgs=org.apache.catalina.webresources
09-Apr-2026 11:04:18.796 INFO [main] org.apache.catalina.startup.VersionLoggerListener.log Command line argument: -Dsun.io.useCanonCaches=false
09-Apr-2026 11:04:18.798 INFO [main] org.apache.catalina.startup.VersionLoggerListener.log Command line argument: -Dignore.endorsed.dirs=
09-Apr-2026 11:04:18.798 INFO [main] org.apache.catalina.startup.VersionLoggerListener.log Command line argument: -Dcatalina.base=C:\Users\Anurodh Saxena\Documents\MGIT\Sem-IV\9. Node\TASK7-8_Servlet_Txn\apache-tomcat-9.0.116
09-Apr-2026 11:04:18.799 INFO [main] org.apache.catalina.startup.VersionLoggerListener.log Command line argument: -Dcatalina.home=C:\Users\Anurodh Saxena\Documents\MGIT\Sem-IV\9. Node\TASK7-8_Servlet_Txn\apache-tomcat-9.0.116
09-Apr-2026 11:04:18.799 INFO [main] org.apache.catalina.startup.VersionLoggerListener.log Command line argument: -Djava.io.tmpdir=C:\Users\Anurodh Saxena\Documents\MGIT\Sem-IV\9. Node\TASK7-8_Servlet_Txn\apache-tomcat-9.0.116\temp
09-Apr-2026 11:04:18.818 INFO [main] org.apache.catalina.core.AprLifecycleListener.lifecycleEvent The Apache Tomcat Native library which allows using OpenSSL was not found on the java.library.path: [C:\Program Files\Eclipse Adoptium\jdk-21.0.9.10-hotspot\bin;C:\WINDOWS\Sun\Java\bin;C:\WINDOWS\system32;C:\WINDOWS;C:\Program Files\Eclipse Adoptium\jdk-21.0.9.10-hotspot\bin;C:\Program Files\Common Files\Oracle\Java\javapath;C:\Program Files (x86)\Common Files\Oracle\Java\java8path;C:\Program Files (x86)\Common Files\Oracle\Java\javapath;C:\WINDOWS\system32;C:\WINDOWS;C:\WINDOWS\System32\Wbem;C:\WINDOWS\System32\WindowsPowerShell\v1.0\;C:\WINDOWS\System32\OpenSSH\;C:\Program Files\PuTTY\;C:\Program Files\dotnet\;C:\Users\Anurodh Saxena\AppData\Local\Programs\Git\cmd;C:\Users\Anurodh Saxena\AppData\Local\Muse Hub\lib;C:\Strawberry\c\bin;C:\Strawberry\perl\site\bin;C:\Strawberry\perl\bin;C:\Users\Anurodh Saxena\AppData\Local\Programs\Python\Python314\;C:\Users\Anurodh Saxena\AppData\Local\Programs\Python\Python314\Scripts;C:\Users\Anurodh Saxena\AppData\Local\Programs\Microsoft VS Code\bin;C:\Program Files\Java\jdk1.8.0_202\bin;C:\Program Files\Java\jdk1.8.0_202\jre\bin;C:\Program Files\Java\jdk1.8.0_202\jre\bin\server;C:\Users\Anurodh Saxena\AppData\Local\Microsoft\WindowsApps;C:\msys64\mingw64\bin;C:\Program Files\LLVM\bin;C:\Users\Anurodh Saxena\AppData\Local\Programs\MiKTeX\miktex\bin\x64\;C:\Program Files\MySQL\MySQL Server 8.0\bin;;.]
09-Apr-2026 11:04:19.307 INFO [main] org.apache.coyote.AbstractProtocol.init Initializing ProtocolHandler ["http-nio-8080"]
09-Apr-2026 11:04:19.350 INFO [main] org.apache.catalina.startup.Catalina.load Server initialization in [973] milliseconds
09-Apr-2026 11:04:19.415 INFO [main] org.apache.catalina.core.StandardService.startInternal Starting service [Catalina]
09-Apr-2026 11:04:19.417 INFO [main] org.apache.catalina.core.StandardEngine.startInternal Starting Servlet engine: [Apache Tomcat/9.0.116]
09-Apr-2026 11:04:19.431 INFO [main] org.apache.catalina.startup.HostConfig.deployDirectory Deploying web application directory [C:\Users\Anurodh Saxena\Documents\MGIT\Sem-IV\9. Node\TASK7-8_Servlet_Txn\apache-tomcat-9.0.116\webapps\BookStore]
09-Apr-2026 11:04:20.044 INFO [main] org.apache.jasper.servlet.TldScanner.scanJars At least one JAR was scanned for TLDs yet contained no TLDs. Enable debug logging for this logger for a complete list of JARs that were scanned but no TLDs were found in them. Skipping unneeded JARs during scanning can improve startup time and JSP compilation time.
09-Apr-2026 11:04:20.164 INFO [main] org.apache.catalina.startup.HostConfig.deployDirectory Deployment of web application directory [C:\Users\Anurodh Saxena\Documents\MGIT\Sem-IV\9. Node\TASK7-8_Servlet_Txn\apache-tomcat-9.0.116\webapps\BookStore] has finished in [731] ms
09-Apr-2026 11:04:20.165 INFO [main] org.apache.catalina.startup.HostConfig.deployDirectory Deploying web application directory [C:\Users\Anurodh Saxena\Documents\MGIT\Sem-IV\9. Node\TASK7-8_Servlet_Txn\apache-tomcat-9.0.116\webapps\docs]
09-Apr-2026 11:04:20.251 INFO [main] org.apache.catalina.startup.HostConfig.deployDirectory Deployment of web application directory [C:\Users\Anurodh Saxena\Documents\MGIT\Sem-IV\9. Node\TASK7-8_Servlet_Txn\apache-tomcat-9.0.116\webapps\docs] has finished in [86] ms
09-Apr-2026 11:04:20.252 INFO [main] org.apache.catalina.startup.HostConfig.deployDirectory Deploying web application directory [C:\Users\Anurodh Saxena\Documents\MGIT\Sem-IV\9. Node\TASK7-8_Servlet_Txn\apache-tomcat-9.0.116\webapps\examples]
09-Apr-2026 11:04:22.004 INFO [main] org.apache.catalina.startup.HostConfig.deployDirectory Deployment of web application directory [C:\Users\Anurodh Saxena\Documents\MGIT\Sem-IV\9. Node\TASK7-8_Servlet_Txn\apache-tomcat-9.0.116\webapps\examples] has finished in [1,752] ms
09-Apr-2026 11:04:22.005 INFO [main] org.apache.catalina.startup.HostConfig.deployDirectory Deploying web application directory [C:\Users\Anurodh Saxena\Documents\MGIT\Sem-IV\9. Node\TASK7-8_Servlet_Txn\apache-tomcat-9.0.116\webapps\HelloWorld]
09-Apr-2026 11:04:22.112 INFO [main] org.apache.catalina.startup.HostConfig.deployDirectory Deployment of web application directory [C:\Users\Anurodh Saxena\Documents\MGIT\Sem-IV\9. Node\TASK7-8_Servlet_Txn\apache-tomcat-9.0.116\webapps\HelloWorld] has finished in [106] ms
09-Apr-2026 11:04:22.112 INFO [main] org.apache.catalina.startup.HostConfig.deployDirectory Deploying web application directory [C:\Users\Anurodh Saxena\Documents\MGIT\Sem-IV\9. Node\TASK7-8_Servlet_Txn\apache-tomcat-9.0.116\webapps\host-manager]
09-Apr-2026 11:04:22.215 INFO [main] org.apache.catalina.startup.HostConfig.deployDirectory Deployment of web application directory [C:\Users\Anurodh Saxena\Documents\MGIT\Sem-IV\9. Node\TASK7-8_Servlet_Txn\apache-tomcat-9.0.116\webapps\host-manager] has finished in [103] ms
09-Apr-2026 11:04:22.216 INFO [main] org.apache.catalina.startup.HostConfig.deployDirectory Deploying web application directory [C:\Users\Anurodh Saxena\Documents\MGIT\Sem-IV\9. Node\TASK7-8_Servlet_Txn\apache-tomcat-9.0.116\webapps\manager]
09-Apr-2026 11:04:22.324 INFO [main] org.apache.catalina.startup.HostConfig.deployDirectory Deployment of web application directory [C:\Users\Anurodh Saxena\Documents\MGIT\Sem-IV\9. Node\TASK7-8_Servlet_Txn\apache-tomcat-9.0.116\webapps\manager] has finished in [108] ms
09-Apr-2026 11:04:22.325 INFO [main] org.apache.catalina.startup.HostConfig.deployDirectory Deploying web application directory [C:\Users\Anurodh Saxena\Documents\MGIT\Sem-IV\9. Node\TASK7-8_Servlet_Txn\apache-tomcat-9.0.116\webapps\ROOT]
09-Apr-2026 11:04:22.390 INFO [main] org.apache.catalina.startup.HostConfig.deployDirectory Deployment of web application directory [C:\Users\Anurodh Saxena\Documents\MGIT\Sem-IV\9. Node\TASK7-8_Servlet_Txn\apache-tomcat-9.0.116\webapps\ROOT] has finished in [64] ms
09-Apr-2026 11:04:22.390 INFO [main] org.apache.catalina.startup.HostConfig.deployDirectory Deploying web application directory [C:\Users\Anurodh Saxena\Documents\MGIT\Sem-IV\9. Node\TASK7-8_Servlet_Txn\apache-tomcat-9.0.116\webapps\TASK7]
09-Apr-2026 11:04:23.145 INFO [main] org.apache.jasper.servlet.TldScanner.scanJars At least one JAR was scanned for TLDs yet contained no TLDs. Enable debug logging for this logger for a complete list of JARs that were scanned but no TLDs were found in them. Skipping unneeded JARs during scanning can improve startup time and JSP compilation time.
09-Apr-2026 11:04:23.154 INFO [main] org.apache.catalina.startup.HostConfig.deployDirectory Deployment of web application directory [C:\Users\Anurodh Saxena\Documents\MGIT\Sem-IV\9. Node\TASK7-8_Servlet_Txn\apache-tomcat-9.0.116\webapps\TASK7] has finished in [764] ms
09-Apr-2026 11:04:23.155 INFO [main] org.apache.catalina.startup.HostConfig.deployDirectory Deploying web application directory [C:\Users\Anurodh Saxena\Documents\MGIT\Sem-IV\9. Node\TASK7-8_Servlet_Txn\apache-tomcat-9.0.116\webapps\TASK8]
09-Apr-2026 11:04:23.282 INFO [main] org.apache.catalina.startup.HostConfig.deployDirectory Deployment of web application directory [C:\Users\Anurodh Saxena\Documents\MGIT\Sem-IV\9. Node\TASK7-8_Servlet_Txn\apache-tomcat-9.0.116\webapps\TASK8] has finished in [127] ms
09-Apr-2026 11:04:23.288 INFO [main] org.apache.coyote.AbstractProtocol.start Starting ProtocolHandler ["http-nio-8080"]
09-Apr-2026 11:04:23.347 INFO [main] org.apache.catalina.startup.Catalina.start Server startup in [3994] milliseconds
